2011-11-24 03:01:17 (JavaRunner.java 125) [ERROR] 
<error>
<type>RUN</type>
<message>java.lang.VerifyError</message>
<stack>: (class: namespace, method: getStringLength signature: (Ljava/lang/Object;)Ljava/lang/Integer;) Incompatible object argument for function call
Could not find the main class: namespace.  Program will exit.
Exception in thread "main" 

</stack>
<moreinfo>
fun main(args : Array<String>) {
    System.out?.println(getStringLength("aaa"))
    System.out?.println(getStringLength(1))
}

fun getStringLength(obj : Any) : Int? {
    if (obj is String)
        return obj.length // no cast to String is needed
    return null
}

</moreinfo>
</error>
2011-11-24 03:06:25 (HttpSession.java 82) [ERROR] 
<error>
<type>RUN</type>
<message>String index out of range: 100</message>
<stack>java.lang.StringIndexOutOfBoundsException: String index out of range: 100
	at java.lang.AbstractStringBuilder.substring(AbstractStringBuilder.java:879)
	at java.lang.StringBuilder.substring(StringBuilder.java:55)
	at web.view.ukhorskaya.responseHelpers.JavaRunner.getResult(JavaRunner.java:95)
	at web.view.ukhorskaya.responseHelpers.CompileAndRunExecutor.getResult(CompileAndRunExecutor.java:119)
	at web.view.ukhorskaya.sessions.HttpSession.sendExecutorResult(HttpSession.java:245)
	at web.view.ukhorskaya.sessions.HttpSession.handle(HttpSession.java:70)
	at web.view.ukhorskaya.handlers.ServerHandler.handle(ServerHandler.java:57)
	at com.sun.net.httpserver.Filter$Chain.doFilter(Filter.java:65)
	at sun.net.httpserver.AuthFilter.doFilter(AuthFilter.java:65)
	at com.sun.net.httpserver.Filter$Chain.doFilter(Filter.java:68)
	at sun.net.httpserver.ServerImpl$Exchange$LinkHandler.handle(ServerImpl.java:555)
	at com.sun.net.httpserver.Filter$Chain.doFilter(Filter.java:65)
	at sun.net.httpserver.ServerImpl$Exchange.run(ServerImpl.java:527)
	at sun.net.httpserver.ServerImpl$DefaultExecutor.execute(ServerImpl.java:119)
	at sun.net.httpserver.ServerImpl$Dispatcher.handle(ServerImpl.java:349)
	at sun.net.httpserver.ServerImpl$Dispatcher.run(ServerImpl.java:321)
	at java.lang.Thread.run(Thread.java:662)

</stack>
<moreinfo>
fun main(args : Array<String>) {
    System.out?.println(getStringLength("aaa"))
    System.out?.println(getStringLength(1))
}

fun getStringLength(obj : Any) : Int? {
  while(true){}
    if (obj is String)
        return obj.length // no cast to String is needed
    return null
      
}

</moreinfo>
</error>
2011-11-24 03:06:30 (HttpSession.java 82) [ERROR] 
<error>
<type>RUN</type>
<message>String index out of range: 100</message>
<stack>java.lang.StringIndexOutOfBoundsException: String index out of range: 100
	at java.lang.AbstractStringBuilder.substring(AbstractStringBuilder.java:879)
	at java.lang.StringBuilder.substring(StringBuilder.java:55)
	at web.view.ukhorskaya.responseHelpers.JavaRunner.getResult(JavaRunner.java:95)
	at web.view.ukhorskaya.responseHelpers.CompileAndRunExecutor.getResult(CompileAndRunExecutor.java:119)
	at web.view.ukhorskaya.sessions.HttpSession.sendExecutorResult(HttpSession.java:245)
	at web.view.ukhorskaya.sessions.HttpSession.handle(HttpSession.java:70)
	at web.view.ukhorskaya.handlers.ServerHandler.handle(ServerHandler.java:57)
	at com.sun.net.httpserver.Filter$Chain.doFilter(Filter.java:65)
	at sun.net.httpserver.AuthFilter.doFilter(AuthFilter.java:65)
	at com.sun.net.httpserver.Filter$Chain.doFilter(Filter.java:68)
	at sun.net.httpserver.ServerImpl$Exchange$LinkHandler.handle(ServerImpl.java:555)
	at com.sun.net.httpserver.Filter$Chain.doFilter(Filter.java:65)
	at sun.net.httpserver.ServerImpl$Exchange.run(ServerImpl.java:527)
	at sun.net.httpserver.ServerImpl$DefaultExecutor.execute(ServerImpl.java:119)
	at sun.net.httpserver.ServerImpl$Dispatcher.handle(ServerImpl.java:349)
	at sun.net.httpserver.ServerImpl$Dispatcher.run(ServerImpl.java:321)
	at java.lang.Thread.run(Thread.java:662)

</stack>
<moreinfo>
fun main(args : Array<String>) {
    System.out?.println(getStringLength("aaa"))
    System.out?.println(getStringLength(1))
}

fun getStringLength(obj : Any) : Int? {
  while(true){}
    if (obj is String)
        return obj.length // no cast to String is needed
    return null
      
}

</moreinfo>
</error>
2011-11-24 03:06:30 (HttpSession.java 297) [ERROR] 
<error>
<type>RUN</type>
<message>An established connection was aborted by the software in your host machine</message>
<stack>java.io.IOException: An established connection was aborted by the software in your host machine
	at sun.nio.ch.SocketDispatcher.write0(Native Method)
	at sun.nio.ch.SocketDispatcher.write(SocketDispatcher.java:33)
	at sun.nio.ch.IOUtil.writeFromNativeBuffer(IOUtil.java:72)
	at sun.nio.ch.IOUtil.write(IOUtil.java:43)
	at sun.nio.ch.SocketChannelImpl.write(SocketChannelImpl.java:334)
	at sun.net.httpserver.Request$WriteStream.write(Request.java:392)
	at sun.net.httpserver.FixedLengthOutputStream.write(FixedLengthOutputStream.java:60)
	at java.io.FilterOutputStream.write(FilterOutputStream.java:80)
	at sun.net.httpserver.PlaceholderOutputStream.write(ExchangeImpl.java:370)
	at web.view.ukhorskaya.sessions.HttpSession.writeResponse(HttpSession.java:293)
	at web.view.ukhorskaya.sessions.HttpSession.handle(HttpSession.java:83)
	at web.view.ukhorskaya.handlers.ServerHandler.handle(ServerHandler.java:57)
	at com.sun.net.httpserver.Filter$Chain.doFilter(Filter.java:65)
	at sun.net.httpserver.AuthFilter.doFilter(AuthFilter.java:65)
	at com.sun.net.httpserver.Filter$Chain.doFilter(Filter.java:68)
	at sun.net.httpserver.ServerImpl$Exchange$LinkHandler.handle(ServerImpl.java:555)
	at com.sun.net.httpserver.Filter$Chain.doFilter(Filter.java:65)
	at sun.net.httpserver.ServerImpl$Exchange.run(ServerImpl.java:527)
	at sun.net.httpserver.ServerImpl$DefaultExecutor.execute(ServerImpl.java:119)
	at sun.net.httpserver.ServerImpl$Dispatcher.handle(ServerImpl.java:349)
	at sun.net.httpserver.ServerImpl$Dispatcher.run(ServerImpl.java:321)
	at java.lang.Thread.run(Thread.java:662)

</stack>
<moreinfo>
fun main(args : Array<String>) {
    System.out?.println(getStringLength("aaa"))
    System.out?.println(getStringLength(1))
}

fun getStringLength(obj : Any) : Int? {
  while(true){}
    if (obj is String)
        return obj.length // no cast to String is needed
    return null
      
}

</moreinfo>
</error>
2011-11-24 03:06:30 (HttpSession.java 304) [ERROR] 
<error>
<type>RUN</type>
<message>insufficient bytes written to stream</message>
<stack>java.io.IOException: insufficient bytes written to stream
	at sun.net.httpserver.FixedLengthOutputStream.close(FixedLengthOutputStream.java:71)
	at sun.net.httpserver.PlaceholderOutputStream.close(ExchangeImpl.java:385)
	at web.view.ukhorskaya.sessions.HttpSession.writeResponse(HttpSession.java:301)
	at web.view.ukhorskaya.sessions.HttpSession.handle(HttpSession.java:83)
	at web.view.ukhorskaya.handlers.ServerHandler.handle(ServerHandler.java:57)
	at com.sun.net.httpserver.Filter$Chain.doFilter(Filter.java:65)
	at sun.net.httpserver.AuthFilter.doFilter(AuthFilter.java:65)
	at com.sun.net.httpserver.Filter$Chain.doFilter(Filter.java:68)
	at sun.net.httpserver.ServerImpl$Exchange$LinkHandler.handle(ServerImpl.java:555)
	at com.sun.net.httpserver.Filter$Chain.doFilter(Filter.java:65)
	at sun.net.httpserver.ServerImpl$Exchange.run(ServerImpl.java:527)
	at sun.net.httpserver.ServerImpl$DefaultExecutor.execute(ServerImpl.java:119)
	at sun.net.httpserver.ServerImpl$Dispatcher.handle(ServerImpl.java:349)
	at sun.net.httpserver.ServerImpl$Dispatcher.run(ServerImpl.java:321)
	at java.lang.Thread.run(Thread.java:662)

</stack>
<moreinfo>
fun main(args : Array<String>) {
    System.out?.println(getStringLength("aaa"))
    System.out?.println(getStringLength(1))
}

fun getStringLength(obj : Any) : Int? {
  while(true){}
    if (obj is String)
        return obj.length // no cast to String is needed
    return null
      
}

</moreinfo>
</error>
2011-11-24 03:06:35 (HttpSession.java 82) [ERROR] 
<error>
<type>RUN</type>
<message>String index out of range: 100</message>
<stack>java.lang.StringIndexOutOfBoundsException: String index out of range: 100
	at java.lang.AbstractStringBuilder.substring(AbstractStringBuilder.java:879)
	at java.lang.StringBuilder.substring(StringBuilder.java:55)
	at web.view.ukhorskaya.responseHelpers.JavaRunner.getResult(JavaRunner.java:95)
	at web.view.ukhorskaya.responseHelpers.CompileAndRunExecutor.getResult(CompileAndRunExecutor.java:119)
	at web.view.ukhorskaya.sessions.HttpSession.sendExecutorResult(HttpSession.java:245)
	at web.view.ukhorskaya.sessions.HttpSession.handle(HttpSession.java:70)
	at web.view.ukhorskaya.handlers.ServerHandler.handle(ServerHandler.java:57)
	at com.sun.net.httpserver.Filter$Chain.doFilter(Filter.java:65)
	at sun.net.httpserver.AuthFilter.doFilter(AuthFilter.java:65)
	at com.sun.net.httpserver.Filter$Chain.doFilter(Filter.java:68)
	at sun.net.httpserver.ServerImpl$Exchange$LinkHandler.handle(ServerImpl.java:555)
	at com.sun.net.httpserver.Filter$Chain.doFilter(Filter.java:65)
	at sun.net.httpserver.ServerImpl$Exchange.run(ServerImpl.java:527)
	at sun.net.httpserver.ServerImpl$DefaultExecutor.execute(ServerImpl.java:119)
	at sun.net.httpserver.ServerImpl$Dispatcher.handle(ServerImpl.java:349)
	at sun.net.httpserver.ServerImpl$Dispatcher.run(ServerImpl.java:321)
	at java.lang.Thread.run(Thread.java:662)

</stack>
<moreinfo>
fun main(args : Array<String>) {
    System.out?.println(getStringLength("aaa"))
    System.out?.println(getStringLength(1))
}

fun getStringLength(obj : Any) : Int? {
  while(true){}
    if (obj is String)
        return obj.length // no cast to String is needed
    return null
      
}

</moreinfo>
</error>
2011-11-24 03:06:35 (HttpSession.java 297) [ERROR] 
<error>
<type>RUN</type>
<message>An established connection was aborted by the software in your host machine</message>
<stack>java.io.IOException: An established connection was aborted by the software in your host machine
	at sun.nio.ch.SocketDispatcher.write0(Native Method)
	at sun.nio.ch.SocketDispatcher.write(SocketDispatcher.java:33)
	at sun.nio.ch.IOUtil.writeFromNativeBuffer(IOUtil.java:72)
	at sun.nio.ch.IOUtil.write(IOUtil.java:43)
	at sun.nio.ch.SocketChannelImpl.write(SocketChannelImpl.java:334)
	at sun.net.httpserver.Request$WriteStream.write(Request.java:392)
	at sun.net.httpserver.FixedLengthOutputStream.write(FixedLengthOutputStream.java:60)
	at java.io.FilterOutputStream.write(FilterOutputStream.java:80)
	at sun.net.httpserver.PlaceholderOutputStream.write(ExchangeImpl.java:370)
	at web.view.ukhorskaya.sessions.HttpSession.writeResponse(HttpSession.java:293)
	at web.view.ukhorskaya.sessions.HttpSession.handle(HttpSession.java:83)
	at web.view.ukhorskaya.handlers.ServerHandler.handle(ServerHandler.java:57)
	at com.sun.net.httpserver.Filter$Chain.doFilter(Filter.java:65)
	at sun.net.httpserver.AuthFilter.doFilter(AuthFilter.java:65)
	at com.sun.net.httpserver.Filter$Chain.doFilter(Filter.java:68)
	at sun.net.httpserver.ServerImpl$Exchange$LinkHandler.handle(ServerImpl.java:555)
	at com.sun.net.httpserver.Filter$Chain.doFilter(Filter.java:65)
	at sun.net.httpserver.ServerImpl$Exchange.run(ServerImpl.java:527)
	at sun.net.httpserver.ServerImpl$DefaultExecutor.execute(ServerImpl.java:119)
	at sun.net.httpserver.ServerImpl$Dispatcher.handle(ServerImpl.java:349)
	at sun.net.httpserver.ServerImpl$Dispatcher.run(ServerImpl.java:321)
	at java.lang.Thread.run(Thread.java:662)

</stack>
<moreinfo>
fun main(args : Array<String>) {
    System.out?.println(getStringLength("aaa"))
    System.out?.println(getStringLength(1))
}

fun getStringLength(obj : Any) : Int? {
  while(true){}
    if (obj is String)
        return obj.length // no cast to String is needed
    return null
      
}

</moreinfo>
</error>
2011-11-24 03:06:35 (HttpSession.java 304) [ERROR] 
<error>
<type>RUN</type>
<message>insufficient bytes written to stream</message>
<stack>java.io.IOException: insufficient bytes written to stream
	at sun.net.httpserver.FixedLengthOutputStream.close(FixedLengthOutputStream.java:71)
	at sun.net.httpserver.PlaceholderOutputStream.close(ExchangeImpl.java:385)
	at web.view.ukhorskaya.sessions.HttpSession.writeResponse(HttpSession.java:301)
	at web.view.ukhorskaya.sessions.HttpSession.handle(HttpSession.java:83)
	at web.view.ukhorskaya.handlers.ServerHandler.handle(ServerHandler.java:57)
	at com.sun.net.httpserver.Filter$Chain.doFilter(Filter.java:65)
	at sun.net.httpserver.AuthFilter.doFilter(AuthFilter.java:65)
	at com.sun.net.httpserver.Filter$Chain.doFilter(Filter.java:68)
	at sun.net.httpserver.ServerImpl$Exchange$LinkHandler.handle(ServerImpl.java:555)
	at com.sun.net.httpserver.Filter$Chain.doFilter(Filter.java:65)
	at sun.net.httpserver.ServerImpl$Exchange.run(ServerImpl.java:527)
	at sun.net.httpserver.ServerImpl$DefaultExecutor.execute(ServerImpl.java:119)
	at sun.net.httpserver.ServerImpl$Dispatcher.handle(ServerImpl.java:349)
	at sun.net.httpserver.ServerImpl$Dispatcher.run(ServerImpl.java:321)
	at java.lang.Thread.run(Thread.java:662)

</stack>
<moreinfo>
fun main(args : Array<String>) {
    System.out?.println(getStringLength("aaa"))
    System.out?.println(getStringLength(1))
}

fun getStringLength(obj : Any) : Int? {
  while(true){}
    if (obj is String)
        return obj.length // no cast to String is needed
    return null
      
}

</moreinfo>
</error>
2011-11-24 03:06:40 (HttpSession.java 82) [ERROR] 
<error>
<type>RUN</type>
<message>String index out of range: 100</message>
<stack>java.lang.StringIndexOutOfBoundsException: String index out of range: 100
	at java.lang.AbstractStringBuilder.substring(AbstractStringBuilder.java:879)
	at java.lang.StringBuilder.substring(StringBuilder.java:55)
	at web.view.ukhorskaya.responseHelpers.JavaRunner.getResult(JavaRunner.java:95)
	at web.view.ukhorskaya.responseHelpers.CompileAndRunExecutor.getResult(CompileAndRunExecutor.java:119)
	at web.view.ukhorskaya.sessions.HttpSession.sendExecutorResult(HttpSession.java:245)
	at web.view.ukhorskaya.sessions.HttpSession.handle(HttpSession.java:70)
	at web.view.ukhorskaya.handlers.ServerHandler.handle(ServerHandler.java:57)
	at com.sun.net.httpserver.Filter$Chain.doFilter(Filter.java:65)
	at sun.net.httpserver.AuthFilter.doFilter(AuthFilter.java:65)
	at com.sun.net.httpserver.Filter$Chain.doFilter(Filter.java:68)
	at sun.net.httpserver.ServerImpl$Exchange$LinkHandler.handle(ServerImpl.java:555)
	at com.sun.net.httpserver.Filter$Chain.doFilter(Filter.java:65)
	at sun.net.httpserver.ServerImpl$Exchange.run(ServerImpl.java:527)
	at sun.net.httpserver.ServerImpl$DefaultExecutor.execute(ServerImpl.java:119)
	at sun.net.httpserver.ServerImpl$Dispatcher.handle(ServerImpl.java:349)
	at sun.net.httpserver.ServerImpl$Dispatcher.run(ServerImpl.java:321)
	at java.lang.Thread.run(Thread.java:662)

</stack>
<moreinfo>
fun main(args : Array<String>) {
    System.out?.println(getStringLength("aaa"))
    System.out?.println(getStringLength(1))
}

fun getStringLength(obj : Any) : Int? {
  while(true){}
    if (obj is String)
        return obj.length // no cast to String is needed
    return null
      
}

</moreinfo>
</error>
2011-11-24 03:06:46 (HttpSession.java 82) [ERROR] 
<error>
<type>RUN</type>
<message>String index out of range: 100</message>
<stack>java.lang.StringIndexOutOfBoundsException: String index out of range: 100
	at java.lang.AbstractStringBuilder.substring(AbstractStringBuilder.java:879)
	at java.lang.StringBuilder.substring(StringBuilder.java:55)
	at web.view.ukhorskaya.responseHelpers.JavaRunner.getResult(JavaRunner.java:95)
	at web.view.ukhorskaya.responseHelpers.CompileAndRunExecutor.getResult(CompileAndRunExecutor.java:119)
	at web.view.ukhorskaya.sessions.HttpSession.sendExecutorResult(HttpSession.java:245)
	at web.view.ukhorskaya.sessions.HttpSession.handle(HttpSession.java:70)
	at web.view.ukhorskaya.handlers.ServerHandler.handle(ServerHandler.java:57)
	at com.sun.net.httpserver.Filter$Chain.doFilter(Filter.java:65)
	at sun.net.httpserver.AuthFilter.doFilter(AuthFilter.java:65)
	at com.sun.net.httpserver.Filter$Chain.doFilter(Filter.java:68)
	at sun.net.httpserver.ServerImpl$Exchange$LinkHandler.handle(ServerImpl.java:555)
	at com.sun.net.httpserver.Filter$Chain.doFilter(Filter.java:65)
	at sun.net.httpserver.ServerImpl$Exchange.run(ServerImpl.java:527)
	at sun.net.httpserver.ServerImpl$DefaultExecutor.execute(ServerImpl.java:119)
	at sun.net.httpserver.ServerImpl$Dispatcher.handle(ServerImpl.java:349)
	at sun.net.httpserver.ServerImpl$Dispatcher.run(ServerImpl.java:321)
	at java.lang.Thread.run(Thread.java:662)

</stack>
<moreinfo>
fun main(args : Array<String>) {
    System.out?.println(getStringLength("aaa"))
    System.out?.println(getStringLength(1))
}

fun getStringLength(obj : Any) : Int? {
  while(true){}
    if (obj is String)
        return obj.length // no cast to String is needed
    return null
      
}

</moreinfo>
</error>
2011-11-24 03:06:46 (HttpSession.java 297) [ERROR] 
<error>
<type>RUN</type>
<message>An established connection was aborted by the software in your host machine</message>
<stack>java.io.IOException: An established connection was aborted by the software in your host machine
	at sun.nio.ch.SocketDispatcher.write0(Native Method)
	at sun.nio.ch.SocketDispatcher.write(SocketDispatcher.java:33)
	at sun.nio.ch.IOUtil.writeFromNativeBuffer(IOUtil.java:72)
	at sun.nio.ch.IOUtil.write(IOUtil.java:43)
	at sun.nio.ch.SocketChannelImpl.write(SocketChannelImpl.java:334)
	at sun.net.httpserver.Request$WriteStream.write(Request.java:392)
	at sun.net.httpserver.FixedLengthOutputStream.write(FixedLengthOutputStream.java:60)
	at java.io.FilterOutputStream.write(FilterOutputStream.java:80)
	at sun.net.httpserver.PlaceholderOutputStream.write(ExchangeImpl.java:370)
	at web.view.ukhorskaya.sessions.HttpSession.writeResponse(HttpSession.java:293)
	at web.view.ukhorskaya.sessions.HttpSession.handle(HttpSession.java:83)
	at web.view.ukhorskaya.handlers.ServerHandler.handle(ServerHandler.java:57)
	at com.sun.net.httpserver.Filter$Chain.doFilter(Filter.java:65)
	at sun.net.httpserver.AuthFilter.doFilter(AuthFilter.java:65)
	at com.sun.net.httpserver.Filter$Chain.doFilter(Filter.java:68)
	at sun.net.httpserver.ServerImpl$Exchange$LinkHandler.handle(ServerImpl.java:555)
	at com.sun.net.httpserver.Filter$Chain.doFilter(Filter.java:65)
	at sun.net.httpserver.ServerImpl$Exchange.run(ServerImpl.java:527)
	at sun.net.httpserver.ServerImpl$DefaultExecutor.execute(ServerImpl.java:119)
	at sun.net.httpserver.ServerImpl$Dispatcher.handle(ServerImpl.java:349)
	at sun.net.httpserver.ServerImpl$Dispatcher.run(ServerImpl.java:321)
	at java.lang.Thread.run(Thread.java:662)

</stack>
<moreinfo>
fun main(args : Array<String>) {
    System.out?.println(getStringLength("aaa"))
    System.out?.println(getStringLength(1))
}

fun getStringLength(obj : Any) : Int? {
  while(true){}
    if (obj is String)
        return obj.length // no cast to String is needed
    return null
      
}

</moreinfo>
</error>
2011-11-24 03:06:46 (HttpSession.java 304) [ERROR] 
<error>
<type>RUN</type>
<message>insufficient bytes written to stream</message>
<stack>java.io.IOException: insufficient bytes written to stream
	at sun.net.httpserver.FixedLengthOutputStream.close(FixedLengthOutputStream.java:71)
	at sun.net.httpserver.PlaceholderOutputStream.close(ExchangeImpl.java:385)
	at web.view.ukhorskaya.sessions.HttpSession.writeResponse(HttpSession.java:301)
	at web.view.ukhorskaya.sessions.HttpSession.handle(HttpSession.java:83)
	at web.view.ukhorskaya.handlers.ServerHandler.handle(ServerHandler.java:57)
	at com.sun.net.httpserver.Filter$Chain.doFilter(Filter.java:65)
	at sun.net.httpserver.AuthFilter.doFilter(AuthFilter.java:65)
	at com.sun.net.httpserver.Filter$Chain.doFilter(Filter.java:68)
	at sun.net.httpserver.ServerImpl$Exchange$LinkHandler.handle(ServerImpl.java:555)
	at com.sun.net.httpserver.Filter$Chain.doFilter(Filter.java:65)
	at sun.net.httpserver.ServerImpl$Exchange.run(ServerImpl.java:527)
	at sun.net.httpserver.ServerImpl$DefaultExecutor.execute(ServerImpl.java:119)
	at sun.net.httpserver.ServerImpl$Dispatcher.handle(ServerImpl.java:349)
	at sun.net.httpserver.ServerImpl$Dispatcher.run(ServerImpl.java:321)
	at java.lang.Thread.run(Thread.java:662)

</stack>
<moreinfo>
fun main(args : Array<String>) {
    System.out?.println(getStringLength("aaa"))
    System.out?.println(getStringLength(1))
}

fun getStringLength(obj : Any) : Int? {
  while(true){}
    if (obj is String)
        return obj.length // no cast to String is needed
    return null
      
}

</moreinfo>
</error>
2011-11-24 03:06:51 (HttpSession.java 82) [ERROR] 
<error>
<type>RUN</type>
<message>String index out of range: 100</message>
<stack>java.lang.StringIndexOutOfBoundsException: String index out of range: 100
	at java.lang.AbstractStringBuilder.substring(AbstractStringBuilder.java:879)
	at java.lang.StringBuilder.substring(StringBuilder.java:55)
	at web.view.ukhorskaya.responseHelpers.JavaRunner.getResult(JavaRunner.java:95)
	at web.view.ukhorskaya.responseHelpers.CompileAndRunExecutor.getResult(CompileAndRunExecutor.java:119)
	at web.view.ukhorskaya.sessions.HttpSession.sendExecutorResult(HttpSession.java:245)
	at web.view.ukhorskaya.sessions.HttpSession.handle(HttpSession.java:70)
	at web.view.ukhorskaya.handlers.ServerHandler.handle(ServerHandler.java:57)
	at com.sun.net.httpserver.Filter$Chain.doFilter(Filter.java:65)
	at sun.net.httpserver.AuthFilter.doFilter(AuthFilter.java:65)
	at com.sun.net.httpserver.Filter$Chain.doFilter(Filter.java:68)
	at sun.net.httpserver.ServerImpl$Exchange$LinkHandler.handle(ServerImpl.java:555)
	at com.sun.net.httpserver.Filter$Chain.doFilter(Filter.java:65)
	at sun.net.httpserver.ServerImpl$Exchange.run(ServerImpl.java:527)
	at sun.net.httpserver.ServerImpl$DefaultExecutor.execute(ServerImpl.java:119)
	at sun.net.httpserver.ServerImpl$Dispatcher.handle(ServerImpl.java:349)
	at sun.net.httpserver.ServerImpl$Dispatcher.run(ServerImpl.java:321)
	at java.lang.Thread.run(Thread.java:662)

</stack>
<moreinfo>
fun main(args : Array<String>) {
    System.out?.println(getStringLength("aaa"))
    System.out?.println(getStringLength(1))
}

fun getStringLength(obj : Any) : Int? {
  while(true){}
    if (obj is String)
        return obj.length // no cast to String is needed
    return null
      
}

</moreinfo>
</error>
2011-11-24 03:06:51 (HttpSession.java 297) [ERROR] 
<error>
<type>RUN</type>
<message>An established connection was aborted by the software in your host machine</message>
<stack>java.io.IOException: An established connection was aborted by the software in your host machine
	at sun.nio.ch.SocketDispatcher.write0(Native Method)
	at sun.nio.ch.SocketDispatcher.write(SocketDispatcher.java:33)
	at sun.nio.ch.IOUtil.writeFromNativeBuffer(IOUtil.java:72)
	at sun.nio.ch.IOUtil.write(IOUtil.java:43)
	at sun.nio.ch.SocketChannelImpl.write(SocketChannelImpl.java:334)
	at sun.net.httpserver.Request$WriteStream.write(Request.java:392)
	at sun.net.httpserver.FixedLengthOutputStream.write(FixedLengthOutputStream.java:60)
	at java.io.FilterOutputStream.write(FilterOutputStream.java:80)
	at sun.net.httpserver.PlaceholderOutputStream.write(ExchangeImpl.java:370)
	at web.view.ukhorskaya.sessions.HttpSession.writeResponse(HttpSession.java:293)
	at web.view.ukhorskaya.sessions.HttpSession.handle(HttpSession.java:83)
	at web.view.ukhorskaya.handlers.ServerHandler.handle(ServerHandler.java:57)
	at com.sun.net.httpserver.Filter$Chain.doFilter(Filter.java:65)
	at sun.net.httpserver.AuthFilter.doFilter(AuthFilter.java:65)
	at com.sun.net.httpserver.Filter$Chain.doFilter(Filter.java:68)
	at sun.net.httpserver.ServerImpl$Exchange$LinkHandler.handle(ServerImpl.java:555)
	at com.sun.net.httpserver.Filter$Chain.doFilter(Filter.java:65)
	at sun.net.httpserver.ServerImpl$Exchange.run(ServerImpl.java:527)
	at sun.net.httpserver.ServerImpl$DefaultExecutor.execute(ServerImpl.java:119)
	at sun.net.httpserver.ServerImpl$Dispatcher.handle(ServerImpl.java:349)
	at sun.net.httpserver.ServerImpl$Dispatcher.run(ServerImpl.java:321)
	at java.lang.Thread.run(Thread.java:662)

</stack>
<moreinfo>
fun main(args : Array<String>) {
    System.out?.println(getStringLength("aaa"))
    System.out?.println(getStringLength(1))
}

fun getStringLength(obj : Any) : Int? {
  while(true){}
    if (obj is String)
        return obj.length // no cast to String is needed
    return null
      
}

</moreinfo>
</error>
2011-11-24 03:06:51 (HttpSession.java 304) [ERROR] 
<error>
<type>RUN</type>
<message>insufficient bytes written to stream</message>
<stack>java.io.IOException: insufficient bytes written to stream
	at sun.net.httpserver.FixedLengthOutputStream.close(FixedLengthOutputStream.java:71)
	at sun.net.httpserver.PlaceholderOutputStream.close(ExchangeImpl.java:385)
	at web.view.ukhorskaya.sessions.HttpSession.writeResponse(HttpSession.java:301)
	at web.view.ukhorskaya.sessions.HttpSession.handle(HttpSession.java:83)
	at web.view.ukhorskaya.handlers.ServerHandler.handle(ServerHandler.java:57)
	at com.sun.net.httpserver.Filter$Chain.doFilter(Filter.java:65)
	at sun.net.httpserver.AuthFilter.doFilter(AuthFilter.java:65)
	at com.sun.net.httpserver.Filter$Chain.doFilter(Filter.java:68)
	at sun.net.httpserver.ServerImpl$Exchange$LinkHandler.handle(ServerImpl.java:555)
	at com.sun.net.httpserver.Filter$Chain.doFilter(Filter.java:65)
	at sun.net.httpserver.ServerImpl$Exchange.run(ServerImpl.java:527)
	at sun.net.httpserver.ServerImpl$DefaultExecutor.execute(ServerImpl.java:119)
	at sun.net.httpserver.ServerImpl$Dispatcher.handle(ServerImpl.java:349)
	at sun.net.httpserver.ServerImpl$Dispatcher.run(ServerImpl.java:321)
	at java.lang.Thread.run(Thread.java:662)

</stack>
<moreinfo>
fun main(args : Array<String>) {
    System.out?.println(getStringLength("aaa"))
    System.out?.println(getStringLength(1))
}

fun getStringLength(obj : Any) : Int? {
  while(true){}
    if (obj is String)
        return obj.length // no cast to String is needed
    return null
      
}

</moreinfo>
</error>
2011-11-24 03:06:56 (HttpSession.java 82) [ERROR] 
<error>
<type>RUN</type>
<message>String index out of range: 100</message>
<stack>java.lang.StringIndexOutOfBoundsException: String index out of range: 100
	at java.lang.AbstractStringBuilder.substring(AbstractStringBuilder.java:879)
	at java.lang.StringBuilder.substring(StringBuilder.java:55)
	at web.view.ukhorskaya.responseHelpers.JavaRunner.getResult(JavaRunner.java:95)
	at web.view.ukhorskaya.responseHelpers.CompileAndRunExecutor.getResult(CompileAndRunExecutor.java:119)
	at web.view.ukhorskaya.sessions.HttpSession.sendExecutorResult(HttpSession.java:245)
	at web.view.ukhorskaya.sessions.HttpSession.handle(HttpSession.java:70)
	at web.view.ukhorskaya.handlers.ServerHandler.handle(ServerHandler.java:57)
	at com.sun.net.httpserver.Filter$Chain.doFilter(Filter.java:65)
	at sun.net.httpserver.AuthFilter.doFilter(AuthFilter.java:65)
	at com.sun.net.httpserver.Filter$Chain.doFilter(Filter.java:68)
	at sun.net.httpserver.ServerImpl$Exchange$LinkHandler.handle(ServerImpl.java:555)
	at com.sun.net.httpserver.Filter$Chain.doFilter(Filter.java:65)
	at sun.net.httpserver.ServerImpl$Exchange.run(ServerImpl.java:527)
	at sun.net.httpserver.ServerImpl$DefaultExecutor.execute(ServerImpl.java:119)
	at sun.net.httpserver.ServerImpl$Dispatcher.handle(ServerImpl.java:349)
	at sun.net.httpserver.ServerImpl$Dispatcher.run(ServerImpl.java:321)
	at java.lang.Thread.run(Thread.java:662)

</stack>
<moreinfo>
fun main(args : Array<String>) {
    System.out?.println(getStringLength("aaa"))
    System.out?.println(getStringLength(1))
}

fun getStringLength(obj : Any) : Int? {
  while(true){}
    if (obj is String)
        return obj.length // no cast to String is needed
    return null
      
}

</moreinfo>
</error>
2011-11-24 03:55:23 (ErrorAnalyzer.java 86) [ERROR] 
<error>
<type>HIGHLIGHT</type>
<message>null</message>
<stack>java.lang.NullPointerException
	at org.jetbrains.jet.lang.diagnostics.DiagnosticFactoryWithPsiElement2.on(DiagnosticFactoryWithPsiElement2.java:35)
	at org.jetbrains.jet.lang.resolve.OverrideResolver.checkOverridesInAClass(OverrideResolver.java:132)
	at org.jetbrains.jet.lang.resolve.OverrideResolver.checkOverrides(OverrideResolver.java:95)
	at org.jetbrains.jet.lang.resolve.OverrideResolver.process(OverrideResolver.java:35)
	at org.jetbrains.jet.lang.resolve.TopDownAnalyzer.doProcess(TopDownAnalyzer.java:63)
	at org.jetbrains.jet.lang.resolve.TopDownAnalyzer.process(TopDownAnalyzer.java:47)
	at org.jetbrains.jet.lang.resolve.TopDownAnalyzer.processObject(TopDownAnalyzer.java:94)
	at org.jetbrains.jet.lang.types.expressions.ClosureExpressionsTypingVisitor.visitObjectLiteralExpression(ClosureExpressionsTypingVisitor.java:58)
	at org.jetbrains.jet.lang.types.expressions.ClosureExpressionsTypingVisitor.visitObjectLiteralExpression(ClosureExpressionsTypingVisitor.java:29)
	at org.jetbrains.jet.lang.psi.JetObjectLiteralExpression.accept(JetObjectLiteralExpression.java:22)
	at org.jetbrains.jet.lang.types.expressions.ExpressionTypingVisitorDispatcher.visitObjectLiteralExpression(ExpressionTypingVisitorDispatcher.java:130)
	at org.jetbrains.jet.lang.types.expressions.ExpressionTypingVisitorDispatcher.visitObjectLiteralExpression(ExpressionTypingVisitorDispatcher.java:22)
	at org.jetbrains.jet.lang.psi.JetObjectLiteralExpression.accept(JetObjectLiteralExpression.java:22)
	at org.jetbrains.jet.lang.types.expressions.ExpressionTypingVisitorDispatcher.getType(ExpressionTypingVisitorDispatcher.java:95)
	at org.jetbrains.jet.lang.types.expressions.ExpressionTypingServices.getType(ExpressionTypingServices.java:66)
	at org.jetbrains.jet.lang.types.expressions.ExpressionTypingServices.getType(ExpressionTypingServices.java:56)
	at org.jetbrains.jet.lang.types.expressions.ExpressionTypingServices.safeGetType(ExpressionTypingServices.java:47)
	at org.jetbrains.jet.lang.resolve.ClassDescriptorResolver$2.compute(ClassDescriptorResolver.java:576)
	at org.jetbrains.jet.lang.resolve.ClassDescriptorResolver$2.compute(ClassDescriptorResolver.java:572)
	at org.jetbrains.jet.util.lazy.LazyValue.get(LazyValue.java:32)
	at org.jetbrains.jet.lang.resolve.ClassDescriptorResolver.getVariableType(ClassDescriptorResolver.java:583)
	at org.jetbrains.jet.lang.resolve.ClassDescriptorResolver.resolveLocalVariableDescriptor(ClassDescriptorResolver.java:448)
	at org.jetbrains.jet.lang.types.expressions.ExpressionTypingVisitorForStatements.visitProperty(ExpressionTypingVisitorForStatements.java:85)
	at org.jetbrains.jet.lang.types.expressions.ExpressionTypingVisitorForStatements.visitProperty(ExpressionTypingVisitorForStatements.java:28)
	at org.jetbrains.jet.lang.psi.JetProperty.accept(JetProperty.java:35)
	at org.jetbrains.jet.lang.types.expressions.ExpressionTypingVisitorDispatcher.visitJetElement(ExpressionTypingVisitorDispatcher.java:196)
	at org.jetbrains.jet.lang.types.expressions.ExpressionTypingVisitorDispatcher.visitJetElement(ExpressionTypingVisitorDispatcher.java:22)
	at org.jetbrains.jet.lang.psi.JetVisitor.visitExpression(JetVisitor.java:132)
	at org.jetbrains.jet.lang.psi.JetVisitor.visitDeclaration(JetVisitor.java:15)
	at org.jetbrains.jet.lang.psi.JetVisitor.visitNamedDeclaration(JetVisitor.java:340)
	at org.jetbrains.jet.lang.psi.JetVisitor.visitProperty(JetVisitor.java:39)
	at org.jetbrains.jet.lang.psi.JetProperty.accept(JetProperty.java:35)
	at org.jetbrains.jet.lang.types.expressions.ExpressionTypingVisitorDispatcher.getType(ExpressionTypingVisitorDispatcher.java:95)
	at org.jetbrains.jet.lang.types.expressions.ExpressionTypingServices.getBlockReturnedTypeWithWritableScope(ExpressionTypingServices.java:245)
	at org.jetbrains.jet.lang.types.expressions.ExpressionTypingServices.getBlockReturnedType(ExpressionTypingServices.java:143)
	at org.jetbrains.jet.lang.types.expressions.BasicExpressionTypingVisitor.visitBlockExpression(BasicExpressionTypingVisitor.java:412)
	at org.jetbrains.jet.lang.types.expressions.BasicExpressionTypingVisitor.visitBlockExpression(BasicExpressionTypingVisitor.java:38)
	at org.jetbrains.jet.lang.psi.JetBlockExpression.accept(JetBlockExpression.java:24)
	at org.jetbrains.jet.lang.types.expressions.ExpressionTypingVisitorDispatcher.visitJetElement(ExpressionTypingVisitorDispatcher.java:196)
	at org.jetbrains.jet.lang.types.expressions.ExpressionTypingVisitorDispatcher.visitJetElement(ExpressionTypingVisitorDispatcher.java:22)
	at org.jetbrains.jet.lang.psi.JetVisitor.visitExpression(JetVisitor.java:132)
	at org.jetbrains.jet.lang.psi.JetVisitor.visitBlockExpression(JetVisitor.java:264)
	at org.jetbrains.jet.lang.psi.JetBlockExpression.accept(JetBlockExpression.java:24)
	at org.jetbrains.jet.lang.types.expressions.ExpressionTypingVisitorDispatcher.getType(ExpressionTypingVisitorDispatcher.java:95)
	at org.jetbrains.jet.lang.types.expressions.ExpressionTypingServices.checkFunctionReturnType(ExpressionTypingServices.java:130)
	at org.jetbrains.jet.lang.types.expressions.ExpressionTypingServices.checkFunctionReturnType(ExpressionTypingServices.java:107)
	at org.jetbrains.jet.lang.types.expressions.ExpressionTypingServices.checkFunctionReturnType(ExpressionTypingServices.java:80)
	at org.jetbrains.jet.lang.resolve.BodyResolver.resolveFunctionBody(BodyResolver.java:526)
	at org.jetbrains.jet.lang.resolve.BodyResolver.resolveFunctionBodies(BodyResolver.java:508)
	at org.jetbrains.jet.lang.resolve.BodyResolver.resolveBehaviorDeclarationBodies(BodyResolver.java:83)
	at org.jetbrains.jet.lang.resolve.TopDownAnalyzer.doProcess(TopDownAnalyzer.java:66)
	at org.jetbrains.jet.lang.resolve.TopDownAnalyzer.process(TopDownAnalyzer.java:47)
	at org.jetbrains.jet.lang.resolve.TopDownAnalyzer.process(TopDownAnalyzer.java:34)
	at org.jetbrains.jet.lang.resolve.AnalyzingUtils.analyzeNamespaces(AnalyzingUtils.java:83)
	at web.view.ukhorskaya.errorsDescriptors.ErrorAnalyzer.getAllErrors(ErrorAnalyzer.java:80)
	at web.view.ukhorskaya.responseHelpers.JsonResponseForHighlighting.getResult(JsonResponseForHighlighting.java:35)
	at web.view.ukhorskaya.sessions.HttpSession.sendProjectSourceFile(HttpSession.java:190)
	at web.view.ukhorskaya.sessions.HttpSession.handle(HttpSession.java:79)
	at web.view.ukhorskaya.handlers.ServerHandler.handle(ServerHandler.java:57)
	at com.sun.net.httpserver.Filter$Chain.doFilter(Filter.java:65)
	at sun.net.httpserver.AuthFilter.doFilter(AuthFilter.java:65)
	at com.sun.net.httpserver.Filter$Chain.doFilter(Filter.java:68)
	at sun.net.httpserver.ServerImpl$Exchange$LinkHandler.handle(ServerImpl.java:555)
	at com.sun.net.httpserver.Filter$Chain.doFilter(Filter.java:65)
	at sun.net.httpserver.ServerImpl$Exchange.run(ServerImpl.java:527)
	at sun.net.httpserver.ServerImpl$DefaultExecutor.execute(ServerImpl.java:119)
	at sun.net.httpserver.ServerImpl$Dispatcher.handle(ServerImpl.java:349)
	at sun.net.httpserver.ServerImpl$Dispatcher.run(ServerImpl.java:321)
	at java.lang.Thread.run(Thread.java:662)

</stack>
<moreinfo>
fun main(args : Array<String>) {
    System.out?.println("Hello, world!")
    var a = object: Iterator<
}

</moreinfo>
</error>
2011-11-24 03:59:11 (ErrorAnalyzer.java 86) [ERROR] 
<error>
<type>HIGHLIGHT</type>
<message>null</message>
<stack>java.lang.NullPointerException
	at org.jetbrains.jet.lang.diagnostics.DiagnosticFactoryWithPsiElement2.on(DiagnosticFactoryWithPsiElement2.java:35)
	at org.jetbrains.jet.lang.resolve.OverrideResolver.checkOverridesInAClass(OverrideResolver.java:132)
	at org.jetbrains.jet.lang.resolve.OverrideResolver.checkOverrides(OverrideResolver.java:95)
	at org.jetbrains.jet.lang.resolve.OverrideResolver.process(OverrideResolver.java:35)
	at org.jetbrains.jet.lang.resolve.TopDownAnalyzer.doProcess(TopDownAnalyzer.java:63)
	at org.jetbrains.jet.lang.resolve.TopDownAnalyzer.process(TopDownAnalyzer.java:47)
	at org.jetbrains.jet.lang.resolve.TopDownAnalyzer.processObject(TopDownAnalyzer.java:94)
	at org.jetbrains.jet.lang.types.expressions.ClosureExpressionsTypingVisitor.visitObjectLiteralExpression(ClosureExpressionsTypingVisitor.java:58)
	at org.jetbrains.jet.lang.types.expressions.ClosureExpressionsTypingVisitor.visitObjectLiteralExpression(ClosureExpressionsTypingVisitor.java:29)
	at org.jetbrains.jet.lang.psi.JetObjectLiteralExpression.accept(JetObjectLiteralExpression.java:22)
	at org.jetbrains.jet.lang.types.expressions.ExpressionTypingVisitorDispatcher.visitObjectLiteralExpression(ExpressionTypingVisitorDispatcher.java:130)
	at org.jetbrains.jet.lang.types.expressions.ExpressionTypingVisitorDispatcher.visitObjectLiteralExpression(ExpressionTypingVisitorDispatcher.java:22)
	at org.jetbrains.jet.lang.psi.JetObjectLiteralExpression.accept(JetObjectLiteralExpression.java:22)
	at org.jetbrains.jet.lang.types.expressions.ExpressionTypingVisitorDispatcher.getType(ExpressionTypingVisitorDispatcher.java:95)
	at org.jetbrains.jet.lang.types.expressions.ExpressionTypingServices.getType(ExpressionTypingServices.java:66)
	at org.jetbrains.jet.lang.types.expressions.ExpressionTypingServices.getType(ExpressionTypingServices.java:56)
	at org.jetbrains.jet.lang.types.expressions.ExpressionTypingServices.safeGetType(ExpressionTypingServices.java:47)
	at org.jetbrains.jet.lang.resolve.ClassDescriptorResolver$2.compute(ClassDescriptorResolver.java:576)
	at org.jetbrains.jet.lang.resolve.ClassDescriptorResolver$2.compute(ClassDescriptorResolver.java:572)
	at org.jetbrains.jet.util.lazy.LazyValue.get(LazyValue.java:32)
	at org.jetbrains.jet.lang.resolve.ClassDescriptorResolver.getVariableType(ClassDescriptorResolver.java:583)
	at org.jetbrains.jet.lang.resolve.ClassDescriptorResolver.resolveLocalVariableDescriptor(ClassDescriptorResolver.java:448)
	at org.jetbrains.jet.lang.types.expressions.ExpressionTypingVisitorForStatements.visitProperty(ExpressionTypingVisitorForStatements.java:85)
	at org.jetbrains.jet.lang.types.expressions.ExpressionTypingVisitorForStatements.visitProperty(ExpressionTypingVisitorForStatements.java:28)
	at org.jetbrains.jet.lang.psi.JetProperty.accept(JetProperty.java:35)
	at org.jetbrains.jet.lang.types.expressions.ExpressionTypingVisitorDispatcher.visitJetElement(ExpressionTypingVisitorDispatcher.java:196)
	at org.jetbrains.jet.lang.types.expressions.ExpressionTypingVisitorDispatcher.visitJetElement(ExpressionTypingVisitorDispatcher.java:22)
	at org.jetbrains.jet.lang.psi.JetVisitor.visitExpression(JetVisitor.java:132)
	at org.jetbrains.jet.lang.psi.JetVisitor.visitDeclaration(JetVisitor.java:15)
	at org.jetbrains.jet.lang.psi.JetVisitor.visitNamedDeclaration(JetVisitor.java:340)
	at org.jetbrains.jet.lang.psi.JetVisitor.visitProperty(JetVisitor.java:39)
	at org.jetbrains.jet.lang.psi.JetProperty.accept(JetProperty.java:35)
	at org.jetbrains.jet.lang.types.expressions.ExpressionTypingVisitorDispatcher.getType(ExpressionTypingVisitorDispatcher.java:95)
	at org.jetbrains.jet.lang.types.expressions.ExpressionTypingServices.getBlockReturnedTypeWithWritableScope(ExpressionTypingServices.java:245)
	at org.jetbrains.jet.lang.types.expressions.ExpressionTypingServices.getBlockReturnedType(ExpressionTypingServices.java:143)
	at org.jetbrains.jet.lang.types.expressions.BasicExpressionTypingVisitor.visitBlockExpression(BasicExpressionTypingVisitor.java:412)
	at org.jetbrains.jet.lang.types.expressions.BasicExpressionTypingVisitor.visitBlockExpression(BasicExpressionTypingVisitor.java:38)
	at org.jetbrains.jet.lang.psi.JetBlockExpression.accept(JetBlockExpression.java:24)
	at org.jetbrains.jet.lang.types.expressions.ExpressionTypingVisitorDispatcher.visitJetElement(ExpressionTypingVisitorDispatcher.java:196)
	at org.jetbrains.jet.lang.types.expressions.ExpressionTypingVisitorDispatcher.visitJetElement(ExpressionTypingVisitorDispatcher.java:22)
	at org.jetbrains.jet.lang.psi.JetVisitor.visitExpression(JetVisitor.java:132)
	at org.jetbrains.jet.lang.psi.JetVisitor.visitBlockExpression(JetVisitor.java:264)
	at org.jetbrains.jet.lang.psi.JetBlockExpression.accept(JetBlockExpression.java:24)
	at org.jetbrains.jet.lang.types.expressions.ExpressionTypingVisitorDispatcher.getType(ExpressionTypingVisitorDispatcher.java:95)
	at org.jetbrains.jet.lang.types.expressions.ExpressionTypingServices.checkFunctionReturnType(ExpressionTypingServices.java:130)
	at org.jetbrains.jet.lang.types.expressions.ExpressionTypingServices.checkFunctionReturnType(ExpressionTypingServices.java:107)
	at org.jetbrains.jet.lang.types.expressions.ExpressionTypingServices.checkFunctionReturnType(ExpressionTypingServices.java:80)
	at org.jetbrains.jet.lang.resolve.BodyResolver.resolveFunctionBody(BodyResolver.java:526)
	at org.jetbrains.jet.lang.resolve.BodyResolver.resolveFunctionBodies(BodyResolver.java:508)
	at org.jetbrains.jet.lang.resolve.BodyResolver.resolveBehaviorDeclarationBodies(BodyResolver.java:83)
	at org.jetbrains.jet.lang.resolve.TopDownAnalyzer.doProcess(TopDownAnalyzer.java:66)
	at org.jetbrains.jet.lang.resolve.TopDownAnalyzer.process(TopDownAnalyzer.java:47)
	at org.jetbrains.jet.lang.resolve.TopDownAnalyzer.process(TopDownAnalyzer.java:34)
	at org.jetbrains.jet.lang.resolve.AnalyzingUtils.analyzeNamespaces(AnalyzingUtils.java:83)
	at web.view.ukhorskaya.errorsDescriptors.ErrorAnalyzer.getAllErrors(ErrorAnalyzer.java:80)
	at web.view.ukhorskaya.responseHelpers.JsonResponseForHighlighting.getResult(JsonResponseForHighlighting.java:35)
	at web.view.ukhorskaya.sessions.HttpSession.sendProjectSourceFile(HttpSession.java:190)
	at web.view.ukhorskaya.sessions.HttpSession.handle(HttpSession.java:79)
	at web.view.ukhorskaya.handlers.ServerHandler.handle(ServerHandler.java:57)
	at com.sun.net.httpserver.Filter$Chain.doFilter(Filter.java:65)
	at sun.net.httpserver.AuthFilter.doFilter(AuthFilter.java:65)
	at com.sun.net.httpserver.Filter$Chain.doFilter(Filter.java:68)
	at sun.net.httpserver.ServerImpl$Exchange$LinkHandler.handle(ServerImpl.java:555)
	at com.sun.net.httpserver.Filter$Chain.doFilter(Filter.java:65)
	at sun.net.httpserver.ServerImpl$Exchange.run(ServerImpl.java:527)
	at sun.net.httpserver.ServerImpl$DefaultExecutor.execute(ServerImpl.java:119)
	at sun.net.httpserver.ServerImpl$Dispatcher.handle(ServerImpl.java:349)
	at sun.net.httpserver.ServerImpl$Dispatcher.run(ServerImpl.java:321)
	at java.lang.Thread.run(Thread.java:662)

</stack>
<moreinfo>
fun main(args : Array<String>) {
    System.out?.println("Hello, world!")
    var a = object:Iterator<
}

</moreinfo>
</error>
2011-11-24 04:00:50 (ErrorAnalyzer.java 86) [ERROR] 
<error>
<type>HIGHLIGHT</type>
<message>null</message>
<stack>java.lang.NullPointerException
	at org.jetbrains.jet.lang.diagnostics.DiagnosticFactoryWithPsiElement2.on(DiagnosticFactoryWithPsiElement2.java:35)
	at org.jetbrains.jet.lang.resolve.OverrideResolver.checkOverridesInAClass(OverrideResolver.java:132)
	at org.jetbrains.jet.lang.resolve.OverrideResolver.checkOverrides(OverrideResolver.java:95)
	at org.jetbrains.jet.lang.resolve.OverrideResolver.process(OverrideResolver.java:35)
	at org.jetbrains.jet.lang.resolve.TopDownAnalyzer.doProcess(TopDownAnalyzer.java:63)
	at org.jetbrains.jet.lang.resolve.TopDownAnalyzer.process(TopDownAnalyzer.java:47)
	at org.jetbrains.jet.lang.resolve.TopDownAnalyzer.processObject(TopDownAnalyzer.java:94)
	at org.jetbrains.jet.lang.types.expressions.ClosureExpressionsTypingVisitor.visitObjectLiteralExpression(ClosureExpressionsTypingVisitor.java:58)
	at org.jetbrains.jet.lang.types.expressions.ClosureExpressionsTypingVisitor.visitObjectLiteralExpression(ClosureExpressionsTypingVisitor.java:29)
	at org.jetbrains.jet.lang.psi.JetObjectLiteralExpression.accept(JetObjectLiteralExpression.java:22)
	at org.jetbrains.jet.lang.types.expressions.ExpressionTypingVisitorDispatcher.visitObjectLiteralExpression(ExpressionTypingVisitorDispatcher.java:130)
	at org.jetbrains.jet.lang.types.expressions.ExpressionTypingVisitorDispatcher.visitObjectLiteralExpression(ExpressionTypingVisitorDispatcher.java:22)
	at org.jetbrains.jet.lang.psi.JetObjectLiteralExpression.accept(JetObjectLiteralExpression.java:22)
	at org.jetbrains.jet.lang.types.expressions.ExpressionTypingVisitorDispatcher.getType(ExpressionTypingVisitorDispatcher.java:95)
	at org.jetbrains.jet.lang.types.expressions.ExpressionTypingServices.getType(ExpressionTypingServices.java:66)
	at org.jetbrains.jet.lang.types.expressions.ExpressionTypingServices.getType(ExpressionTypingServices.java:56)
	at org.jetbrains.jet.lang.types.expressions.ExpressionTypingServices.safeGetType(ExpressionTypingServices.java:47)
	at org.jetbrains.jet.lang.resolve.ClassDescriptorResolver$2.compute(ClassDescriptorResolver.java:576)
	at org.jetbrains.jet.lang.resolve.ClassDescriptorResolver$2.compute(ClassDescriptorResolver.java:572)
	at org.jetbrains.jet.util.lazy.LazyValue.get(LazyValue.java:32)
	at org.jetbrains.jet.lang.resolve.ClassDescriptorResolver.getVariableType(ClassDescriptorResolver.java:583)
	at org.jetbrains.jet.lang.resolve.ClassDescriptorResolver.resolveLocalVariableDescriptor(ClassDescriptorResolver.java:448)
	at org.jetbrains.jet.lang.types.expressions.ExpressionTypingVisitorForStatements.visitProperty(ExpressionTypingVisitorForStatements.java:85)
	at org.jetbrains.jet.lang.types.expressions.ExpressionTypingVisitorForStatements.visitProperty(ExpressionTypingVisitorForStatements.java:28)
	at org.jetbrains.jet.lang.psi.JetProperty.accept(JetProperty.java:35)
	at org.jetbrains.jet.lang.types.expressions.ExpressionTypingVisitorDispatcher.visitJetElement(ExpressionTypingVisitorDispatcher.java:196)
	at org.jetbrains.jet.lang.types.expressions.ExpressionTypingVisitorDispatcher.visitJetElement(ExpressionTypingVisitorDispatcher.java:22)
	at org.jetbrains.jet.lang.psi.JetVisitor.visitExpression(JetVisitor.java:132)
	at org.jetbrains.jet.lang.psi.JetVisitor.visitDeclaration(JetVisitor.java:15)
	at org.jetbrains.jet.lang.psi.JetVisitor.visitNamedDeclaration(JetVisitor.java:340)
	at org.jetbrains.jet.lang.psi.JetVisitor.visitProperty(JetVisitor.java:39)
	at org.jetbrains.jet.lang.psi.JetProperty.accept(JetProperty.java:35)
	at org.jetbrains.jet.lang.types.expressions.ExpressionTypingVisitorDispatcher.getType(ExpressionTypingVisitorDispatcher.java:95)
	at org.jetbrains.jet.lang.types.expressions.ExpressionTypingServices.getBlockReturnedTypeWithWritableScope(ExpressionTypingServices.java:245)
	at org.jetbrains.jet.lang.types.expressions.ExpressionTypingServices.getBlockReturnedType(ExpressionTypingServices.java:143)
	at org.jetbrains.jet.lang.types.expressions.BasicExpressionTypingVisitor.visitBlockExpression(BasicExpressionTypingVisitor.java:412)
	at org.jetbrains.jet.lang.types.expressions.BasicExpressionTypingVisitor.visitBlockExpression(BasicExpressionTypingVisitor.java:38)
	at org.jetbrains.jet.lang.psi.JetBlockExpression.accept(JetBlockExpression.java:24)
	at org.jetbrains.jet.lang.types.expressions.ExpressionTypingVisitorDispatcher.visitJetElement(ExpressionTypingVisitorDispatcher.java:196)
	at org.jetbrains.jet.lang.types.expressions.ExpressionTypingVisitorDispatcher.visitJetElement(ExpressionTypingVisitorDispatcher.java:22)
	at org.jetbrains.jet.lang.psi.JetVisitor.visitExpression(JetVisitor.java:132)
	at org.jetbrains.jet.lang.psi.JetVisitor.visitBlockExpression(JetVisitor.java:264)
	at org.jetbrains.jet.lang.psi.JetBlockExpression.accept(JetBlockExpression.java:24)
	at org.jetbrains.jet.lang.types.expressions.ExpressionTypingVisitorDispatcher.getType(ExpressionTypingVisitorDispatcher.java:95)
	at org.jetbrains.jet.lang.types.expressions.ExpressionTypingServices.checkFunctionReturnType(ExpressionTypingServices.java:130)
	at org.jetbrains.jet.lang.types.expressions.ExpressionTypingServices.checkFunctionReturnType(ExpressionTypingServices.java:107)
	at org.jetbrains.jet.lang.types.expressions.ExpressionTypingServices.checkFunctionReturnType(ExpressionTypingServices.java:80)
	at org.jetbrains.jet.lang.resolve.BodyResolver.resolveFunctionBody(BodyResolver.java:526)
	at org.jetbrains.jet.lang.resolve.BodyResolver.resolveFunctionBodies(BodyResolver.java:508)
	at org.jetbrains.jet.lang.resolve.BodyResolver.resolveBehaviorDeclarationBodies(BodyResolver.java:83)
	at org.jetbrains.jet.lang.resolve.TopDownAnalyzer.doProcess(TopDownAnalyzer.java:66)
	at org.jetbrains.jet.lang.resolve.TopDownAnalyzer.process(TopDownAnalyzer.java:47)
	at org.jetbrains.jet.lang.resolve.TopDownAnalyzer.process(TopDownAnalyzer.java:34)
	at org.jetbrains.jet.lang.resolve.AnalyzingUtils.analyzeNamespaces(AnalyzingUtils.java:83)
	at web.view.ukhorskaya.errorsDescriptors.ErrorAnalyzer.getAllErrors(ErrorAnalyzer.java:80)
	at web.view.ukhorskaya.responseHelpers.JsonResponseForHighlighting.getResult(JsonResponseForHighlighting.java:35)
	at web.view.ukhorskaya.sessions.HttpSession.sendProjectSourceFile(HttpSession.java:190)
	at web.view.ukhorskaya.sessions.HttpSession.handle(HttpSession.java:79)
	at web.view.ukhorskaya.handlers.ServerHandler.handle(ServerHandler.java:57)
	at com.sun.net.httpserver.Filter$Chain.doFilter(Filter.java:65)
	at sun.net.httpserver.AuthFilter.doFilter(AuthFilter.java:65)
	at com.sun.net.httpserver.Filter$Chain.doFilter(Filter.java:68)
	at sun.net.httpserver.ServerImpl$Exchange$LinkHandler.handle(ServerImpl.java:555)
	at com.sun.net.httpserver.Filter$Chain.doFilter(Filter.java:65)
	at sun.net.httpserver.ServerImpl$Exchange.run(ServerImpl.java:527)
	at sun.net.httpserver.ServerImpl$DefaultExecutor.execute(ServerImpl.java:119)
	at sun.net.httpserver.ServerImpl$Dispatcher.handle(ServerImpl.java:349)
	at sun.net.httpserver.ServerImpl$Dispatcher.run(ServerImpl.java:321)
	at java.lang.Thread.run(Thread.java:662)

</stack>
<moreinfo>
fun main(args : Array<String>) {
    System.out?.println("Hello, world!")
    var a = object:Iterator<
}

</moreinfo>
</error>
2011-11-24 04:02:09 (ErrorAnalyzer.java 86) [ERROR] 
<error>
<type>HIGHLIGHT</type>
<message>null</message>
<stack>java.lang.NullPointerException
	at org.jetbrains.jet.lang.diagnostics.DiagnosticFactoryWithPsiElement2.on(DiagnosticFactoryWithPsiElement2.java:35)
	at org.jetbrains.jet.lang.resolve.OverrideResolver.checkOverridesInAClass(OverrideResolver.java:132)
	at org.jetbrains.jet.lang.resolve.OverrideResolver.checkOverrides(OverrideResolver.java:95)
	at org.jetbrains.jet.lang.resolve.OverrideResolver.process(OverrideResolver.java:35)
	at org.jetbrains.jet.lang.resolve.TopDownAnalyzer.doProcess(TopDownAnalyzer.java:63)
	at org.jetbrains.jet.lang.resolve.TopDownAnalyzer.process(TopDownAnalyzer.java:47)
	at org.jetbrains.jet.lang.resolve.TopDownAnalyzer.processObject(TopDownAnalyzer.java:94)
	at org.jetbrains.jet.lang.types.expressions.ClosureExpressionsTypingVisitor.visitObjectLiteralExpression(ClosureExpressionsTypingVisitor.java:58)
	at org.jetbrains.jet.lang.types.expressions.ClosureExpressionsTypingVisitor.visitObjectLiteralExpression(ClosureExpressionsTypingVisitor.java:29)
	at org.jetbrains.jet.lang.psi.JetObjectLiteralExpression.accept(JetObjectLiteralExpression.java:22)
	at org.jetbrains.jet.lang.types.expressions.ExpressionTypingVisitorDispatcher.visitObjectLiteralExpression(ExpressionTypingVisitorDispatcher.java:130)
	at org.jetbrains.jet.lang.types.expressions.ExpressionTypingVisitorDispatcher.visitObjectLiteralExpression(ExpressionTypingVisitorDispatcher.java:22)
	at org.jetbrains.jet.lang.psi.JetObjectLiteralExpression.accept(JetObjectLiteralExpression.java:22)
	at org.jetbrains.jet.lang.types.expressions.ExpressionTypingVisitorDispatcher.getType(ExpressionTypingVisitorDispatcher.java:95)
	at org.jetbrains.jet.lang.types.expressions.ExpressionTypingServices.getType(ExpressionTypingServices.java:66)
	at org.jetbrains.jet.lang.types.expressions.ExpressionTypingServices.getType(ExpressionTypingServices.java:56)
	at org.jetbrains.jet.lang.types.expressions.ExpressionTypingServices.safeGetType(ExpressionTypingServices.java:47)
	at org.jetbrains.jet.lang.resolve.ClassDescriptorResolver$2.compute(ClassDescriptorResolver.java:576)
	at org.jetbrains.jet.lang.resolve.ClassDescriptorResolver$2.compute(ClassDescriptorResolver.java:572)
	at org.jetbrains.jet.util.lazy.LazyValue.get(LazyValue.java:32)
	at org.jetbrains.jet.lang.resolve.ClassDescriptorResolver.getVariableType(ClassDescriptorResolver.java:583)
	at org.jetbrains.jet.lang.resolve.ClassDescriptorResolver.resolveLocalVariableDescriptor(ClassDescriptorResolver.java:448)
	at org.jetbrains.jet.lang.types.expressions.ExpressionTypingVisitorForStatements.visitProperty(ExpressionTypingVisitorForStatements.java:85)
	at org.jetbrains.jet.lang.types.expressions.ExpressionTypingVisitorForStatements.visitProperty(ExpressionTypingVisitorForStatements.java:28)
	at org.jetbrains.jet.lang.psi.JetProperty.accept(JetProperty.java:35)
	at org.jetbrains.jet.lang.types.expressions.ExpressionTypingVisitorDispatcher.visitJetElement(ExpressionTypingVisitorDispatcher.java:196)
	at org.jetbrains.jet.lang.types.expressions.ExpressionTypingVisitorDispatcher.visitJetElement(ExpressionTypingVisitorDispatcher.java:22)
	at org.jetbrains.jet.lang.psi.JetVisitor.visitExpression(JetVisitor.java:132)
	at org.jetbrains.jet.lang.psi.JetVisitor.visitDeclaration(JetVisitor.java:15)
	at org.jetbrains.jet.lang.psi.JetVisitor.visitNamedDeclaration(JetVisitor.java:340)
	at org.jetbrains.jet.lang.psi.JetVisitor.visitProperty(JetVisitor.java:39)
	at org.jetbrains.jet.lang.psi.JetProperty.accept(JetProperty.java:35)
	at org.jetbrains.jet.lang.types.expressions.ExpressionTypingVisitorDispatcher.getType(ExpressionTypingVisitorDispatcher.java:95)
	at org.jetbrains.jet.lang.types.expressions.ExpressionTypingServices.getBlockReturnedTypeWithWritableScope(ExpressionTypingServices.java:245)
	at org.jetbrains.jet.lang.types.expressions.ExpressionTypingServices.getBlockReturnedType(ExpressionTypingServices.java:143)
	at org.jetbrains.jet.lang.types.expressions.BasicExpressionTypingVisitor.visitBlockExpression(BasicExpressionTypingVisitor.java:412)
	at org.jetbrains.jet.lang.types.expressions.BasicExpressionTypingVisitor.visitBlockExpression(BasicExpressionTypingVisitor.java:38)
	at org.jetbrains.jet.lang.psi.JetBlockExpression.accept(JetBlockExpression.java:24)
	at org.jetbrains.jet.lang.types.expressions.ExpressionTypingVisitorDispatcher.visitJetElement(ExpressionTypingVisitorDispatcher.java:196)
	at org.jetbrains.jet.lang.types.expressions.ExpressionTypingVisitorDispatcher.visitJetElement(ExpressionTypingVisitorDispatcher.java:22)
	at org.jetbrains.jet.lang.psi.JetVisitor.visitExpression(JetVisitor.java:132)
	at org.jetbrains.jet.lang.psi.JetVisitor.visitBlockExpression(JetVisitor.java:264)
	at org.jetbrains.jet.lang.psi.JetBlockExpression.accept(JetBlockExpression.java:24)
	at org.jetbrains.jet.lang.types.expressions.ExpressionTypingVisitorDispatcher.getType(ExpressionTypingVisitorDispatcher.java:95)
	at org.jetbrains.jet.lang.types.expressions.ExpressionTypingServices.checkFunctionReturnType(ExpressionTypingServices.java:130)
	at org.jetbrains.jet.lang.types.expressions.ExpressionTypingServices.checkFunctionReturnType(ExpressionTypingServices.java:107)
	at org.jetbrains.jet.lang.types.expressions.ExpressionTypingServices.checkFunctionReturnType(ExpressionTypingServices.java:80)
	at org.jetbrains.jet.lang.resolve.BodyResolver.resolveFunctionBody(BodyResolver.java:526)
	at org.jetbrains.jet.lang.resolve.BodyResolver.resolveFunctionBodies(BodyResolver.java:508)
	at org.jetbrains.jet.lang.resolve.BodyResolver.resolveBehaviorDeclarationBodies(BodyResolver.java:83)
	at org.jetbrains.jet.lang.resolve.TopDownAnalyzer.doProcess(TopDownAnalyzer.java:66)
	at org.jetbrains.jet.lang.resolve.TopDownAnalyzer.process(TopDownAnalyzer.java:47)
	at org.jetbrains.jet.lang.resolve.TopDownAnalyzer.process(TopDownAnalyzer.java:34)
	at org.jetbrains.jet.lang.resolve.AnalyzingUtils.analyzeNamespaces(AnalyzingUtils.java:83)
	at web.view.ukhorskaya.errorsDescriptors.ErrorAnalyzer.getAllErrors(ErrorAnalyzer.java:80)
	at web.view.ukhorskaya.responseHelpers.JsonResponseForHighlighting.getResult(JsonResponseForHighlighting.java:35)
	at web.view.ukhorskaya.sessions.HttpSession.sendProjectSourceFile(HttpSession.java:190)
	at web.view.ukhorskaya.sessions.HttpSession.handle(HttpSession.java:79)
	at web.view.ukhorskaya.handlers.ServerHandler.handle(ServerHandler.java:57)
	at com.sun.net.httpserver.Filter$Chain.doFilter(Filter.java:65)
	at sun.net.httpserver.AuthFilter.doFilter(AuthFilter.java:65)
	at com.sun.net.httpserver.Filter$Chain.doFilter(Filter.java:68)
	at sun.net.httpserver.ServerImpl$Exchange$LinkHandler.handle(ServerImpl.java:555)
	at com.sun.net.httpserver.Filter$Chain.doFilter(Filter.java:65)
	at sun.net.httpserver.ServerImpl$Exchange.run(ServerImpl.java:527)
	at sun.net.httpserver.ServerImpl$DefaultExecutor.execute(ServerImpl.java:119)
	at sun.net.httpserver.ServerImpl$Dispatcher.handle(ServerImpl.java:349)
	at sun.net.httpserver.ServerImpl$Dispatcher.run(ServerImpl.java:321)
	at java.lang.Thread.run(Thread.java:662)

</stack>
<moreinfo>
fun main(args : Array<String>) {
    System.out?.println("Hello, world!")
    var a = object:Iterator<
}

</moreinfo>
</error>
2011-11-24 04:02:31 (JavaRunner.java 125) [ERROR] 
<error>
<type>RUN</type>
<message>java.lang.VerifyError</message>
<stack>: (class: namespace, method: getStringLength signature: (Ljava/lang/Object;)Ljava/lang/Integer;) Incompatible object argument for function call
Could not find the main class: namespace.  Program will exit.
Exception in thread "main" 

</stack>
<moreinfo>
fun main(args : Array<String>) {
    System.out?.println(getStringLength("aaa"))
    System.out?.println(getStringLength(1))
}

fun getStringLength(obj : Any) : Int? {
    if (obj is String)
        return obj.length // no cast to String is needed
    return null
}

</moreinfo>
</error>
2011-11-24 04:06:15 (JavaRunner.java 103) [ERROR] 
<error>
<type>RUN</type>
<message>java.lang.VerifyError</message>
<stack>: (class: namespace, method: getStringLength signature: (Ljava/lang/Object;)Ljava/lang/Integer;) Incompatible object argument for function call
Could not find the main class: namespace.  Program will exit.
Exception in thread "main" 

</stack>
<moreinfo>
fun main(args : Array<String>) {
    System.out?.println(getStringLength("aaa"))
    System.out?.println(getStringLength(1))
}

fun getStringLength(obj : Any) : Int? {
    if (obj is String)
        return obj.length // no cast to String is needed
    return null
} 

</moreinfo>
</error>
2011-11-24 04:08:22 (JavaRunner.java 103) [ERROR] 
<error>
<type>RUN</type>
<message>java.lang.VerifyError</message>
<stack> (class: namespace, method: getStringLength signature: (Ljava/lang/Object;)Ljava/lang/Integer;) Incompatible object argument for function call
Could not find the main class: namespace.  Program will exit.
Exception in thread "main" 

</stack>
<moreinfo>
fun main(args : Array<String>) {
    System.out?.println(getStringLength("aaa"))
    System.out?.println(getStringLength(1))
}

fun getStringLength(obj : Any) : Int? {
    if (obj is String)
        return obj.length // no cast to String is needed
    return null
}  
 
</moreinfo>
</error>
2011-11-24 04:09:27 (JavaRunner.java 103) [ERROR] 
<error>
<type>RUN</type>
<message>java.lang.VerifyError</message>
<stack> (class: namespace, method: getStringLength signature: (Ljava/lang/Object;)Ljava/lang/Integer;) Incompatible object argument for function call
Could not find the main class: namespace.  Program will exit.
Exception in thread "main" 

</stack>
<moreinfo>
fun main(args : Array<String>) {
    System.out?.println(getStringLength("aaa"))
    System.out?.println(getStringLength(1))
}

fun getStringLength(obj : Any) : Int? {
    if (obj is String)
        return obj.length // no cast to String is needed
    return null
}

</moreinfo>
</error>
2011-11-24 04:11:39 (JavaRunner.java 128) [ERROR] 
<error>
<type>RUN</type>
<message>java.lang.VerifyError</message>
<stack>: (class: namespace, method: getStringLength signature: (Ljava/lang/Object;)Ljava/lang/Integer;) Incompatible object argument for function call
Could not find the main class: namespace.  Program will exit.
Exception in thread "main" 

</stack>
<moreinfo>
fun main(args : Array<String>) {
    System.out?.println(getStringLength("aaa"))
    System.out?.println(getStringLength(1))
}

fun getStringLength(obj : Any) : Int? {
    if (obj is String)
        return obj.length // no cast to String is needed
    return null
}

</moreinfo>
</error>
